<?xml version="1.0" encoding="UTF-8"?>
<!-- Generated by org.testng.reporters.JUnitXMLReporter -->
<testsuite hostname="DESKTOP-MFGAQER" ignored="0" name="Default test" tests="4" failures="0" timestamp="2020-08-31T16:21:52 IST" time="64.948" errors="0">
  <testcase name="loginTest" time="1.504" classname="com.testcases.DataDrivenTest"/>
  <testcase name="loginTest" time="0.997" classname="com.testcases.DataDrivenTest"/>
  <testcase name="loginTest" time="1.092" classname="com.testcases.DataDrivenTest"/>
  <testcase name="loginTest" time="3.44" classname="com.testcases.DataDrivenTest"/>
</testsuite> <!-- Default test -->
